Running guided fuzzing for rocket with 1000 iterations
/home/grads/v/vbchaitanya2k2/vbchaitanya-ecen-689/project_test/difuzz-rtl-sim/.venv/lib64/python3.6/site-packages/cocotb/share/makefiles/Makefile.inc:152: Including Makefile.inc from a user makefile is a no-op and deprecated. Remove the Makefile.inc inclusion from your makefile, and only leave the Makefile.sim include.
make results.xml
make[1]: Entering directory '/home/grads/v/vbchaitanya2k2/vbchaitanya-ecen-689/project_test/difuzz-rtl-sim/Fuzzer'
/home/grads/v/vbchaitanya2k2/vbchaitanya-ecen-689/project_test/difuzz-rtl-sim/.venv/lib64/python3.6/site-packages/cocotb/share/makefiles/Makefile.inc:152: Including Makefile.inc from a user makefile is a no-op and deprecated. Remove the Makefile.inc inclusion from your makefile, and only leave the Makefile.sim include.
mkdir -p /home/grads/v/vbchaitanya2k2/vbchaitanya-ecen-689/project_test/difuzz-rtl-sim/server_runs/rocket-1000-20260401-003549/build-rocket
verilator -cc --exe -Mdir /home/grads/v/vbchaitanya2k2/vbchaitanya-ecen-689/project_test/difuzz-rtl-sim/server_runs/rocket-1000-20260401-003549/build-rocket -DCOCOTB_SIM=1 --top-module RocketTile   -DPRINTF_COND=0 -DSTOP_COND=0 -Wno-PINMISSING --vpi --public-flat-rw --prefix Vtop -o RocketTile -LDFLAGS "-Wl,-rpath,/home/grads/v/vbchaitanya2k2/vbchaitanya-ecen-689/project_test/difuzz-rtl-sim/.venv/lib64/python3.6/site-packages/cocotb/libs -L/home/grads/v/vbchaitanya2k2/vbchaitanya-ecen-689/project_test/difuzz-rtl-sim/.venv/lib64/python3.6/site-packages/cocotb/libs -lcocotbvpi_verilator" --timescale 1us/1us /home/grads/v/vbchaitanya2k2/vbchaitanya-ecen-689/project_test/difuzz-rtl-sim/Fuzzer/../Benchmarks/Verilog/RocketTile_state.v /home/grads/v/vbchaitanya2k2/vbchaitanya-ecen-689/project_test/difuzz-rtl-sim/.venv/lib/python3.6/site-packages/cocotb/share/lib/verilator/verilator.cpp
CPPFLAGS="-std=c++11" make -C /home/grads/v/vbchaitanya2k2/vbchaitanya-ecen-689/project_test/difuzz-rtl-sim/server_runs/rocket-1000-20260401-003549/build-rocket -f Vtop.mk
make[2]: Entering directory '/home/grads/v/vbchaitanya2k2/vbchaitanya-ecen-689/project_test/difuzz-rtl-sim/server_runs/rocket-1000-20260401-003549/build-rocket'
g++  -std=c++11 -I.  -MMD -I/home/grads/v/vbchaitanya2k2/vbchaitanya-ecen-689/project_test/difuzz-rtl-sim/.local-tools/verilator/share/verilator/include -I/home/grads/v/vbchaitanya2k2/vbchaitanya-ecen-689/project_test/difuzz-rtl-sim/.local-tools/verilator/share/verilator/include/vltstd -DVM_COVERAGE=0 -DVM_SC=0 -DVM_TRACE=0 -DVM_TRACE_FST=0 -faligned-new -fcf-protection=none -Wno-bool-operation -Wno-sign-compare -Wno-uninitialized -Wno-unused-but-set-variable -Wno-unused-parameter -Wno-unused-variable -Wno-shadow      -std=gnu++14 -Os -c -o verilator.o /home/grads/v/vbchaitanya2k2/vbchaitanya-ecen-689/project_test/difuzz-rtl-sim/.venv/lib/python3.6/site-packages/cocotb/share/lib/verilator/verilator.cpp
In file included from /usr/include/math.h:37,
                 from /usr/include/c++/8/cmath:45,
                 from /home/grads/v/vbchaitanya2k2/vbchaitanya-ecen-689/project_test/difuzz-rtl-sim/.local-tools/verilator/share/verilator/include/verilated.h:33,
                 from /home/grads/v/vbchaitanya2k2/vbchaitanya-ecen-689/project_test/difuzz-rtl-sim/.local-tools/verilator/share/verilator/include/verilated_heavy.h:27,
                 from ./Vtop.h:11,
                 from /home/grads/v/vbchaitanya2k2/vbchaitanya-ecen-689/project_test/difuzz-rtl-sim/.venv/lib/python3.6/site-packages/cocotb/share/lib/verilator/verilator.cpp:5:
/usr/include/bits/types.h:143:25: error: conflicting declaration ‘typedef long unsigned int __dev_t’
 __STD_TYPE __DEV_T_TYPE __dev_t; /* Type of device numbers.  */
                         ^~~~~~~
In file included from /home/grads/v/vbchaitanya2k2/vbchaitanya-ecen-689/project_test/difuzz-rtl-sim/.local-tools/riscv/riscv64-unknown-elf/include/sys/types.h:45,
                 from /home/grads/v/vbchaitanya2k2/vbchaitanya-ecen-689/project_test/difuzz-rtl-sim/.local-tools/verilator/share/verilator/include/verilatedos.h:302,
                 from /home/grads/v/vbchaitanya2k2/vbchaitanya-ecen-689/project_test/difuzz-rtl-sim/.local-tools/verilator/share/verilator/include/verilated.h:27,
                 from /home/grads/v/vbchaitanya2k2/vbchaitanya-ecen-689/project_test/difuzz-rtl-sim/.local-tools/verilator/share/verilator/include/verilated_heavy.h:27,
                 from ./Vtop.h:11,
                 from /home/grads/v/vbchaitanya2k2/vbchaitanya-ecen-689/project_test/difuzz-rtl-sim/.venv/lib/python3.6/site-packages/cocotb/share/lib/verilator/verilator.cpp:5:
/home/grads/v/vbchaitanya2k2/vbchaitanya-ecen-689/project_test/difuzz-rtl-sim/.local-tools/riscv/riscv64-unknown-elf/include/sys/_types.h:56:15: note: previous declaration as ‘typedef short int __dev_t’
 typedef short __dev_t;
               ^~~~~~~
In file included from /usr/include/math.h:37,
                 from /usr/include/c++/8/cmath:45,
                 from /home/grads/v/vbchaitanya2k2/vbchaitanya-ecen-689/project_test/difuzz-rtl-sim/.local-tools/verilator/share/verilator/include/verilated.h:33,
                 from /home/grads/v/vbchaitanya2k2/vbchaitanya-ecen-689/project_test/difuzz-rtl-sim/.local-tools/verilator/share/verilator/include/verilated_heavy.h:27,
                 from ./Vtop.h:11,
                 from /home/grads/v/vbchaitanya2k2/vbchaitanya-ecen-689/project_test/difuzz-rtl-sim/.venv/lib/python3.6/site-packages/cocotb/share/lib/verilator/verilator.cpp:5:
/usr/include/bits/types.h:144:25: error: conflicting declaration ‘typedef unsigned int __uid_t’
 __STD_TYPE __UID_T_TYPE __uid_t; /* Type of user identifications.  */
                         ^~~~~~~
In file included from /home/grads/v/vbchaitanya2k2/vbchaitanya-ecen-689/project_test/difuzz-rtl-sim/.local-tools/riscv/riscv64-unknown-elf/include/sys/types.h:45,
                 from /home/grads/v/vbchaitanya2k2/vbchaitanya-ecen-689/project_test/difuzz-rtl-sim/.local-tools/verilator/share/verilator/include/verilatedos.h:302,
                 from /home/grads/v/vbchaitanya2k2/vbchaitanya-ecen-689/project_test/difuzz-rtl-sim/.local-tools/verilator/share/verilator/include/verilated.h:27,
                 from /home/grads/v/vbchaitanya2k2/vbchaitanya-ecen-689/project_test/difuzz-rtl-sim/.local-tools/verilator/share/verilator/include/verilated_heavy.h:27,
                 from ./Vtop.h:11,
                 from /home/grads/v/vbchaitanya2k2/vbchaitanya-ecen-689/project_test/difuzz-rtl-sim/.venv/lib/python3.6/site-packages/cocotb/share/lib/verilator/verilator.cpp:5:
/home/grads/v/vbchaitanya2k2/vbchaitanya-ecen-689/project_test/difuzz-rtl-sim/.local-tools/riscv/riscv64-unknown-elf/include/sys/_types.h:60:24: note: previous declaration as ‘typedef short unsigned int __uid_t’
 typedef unsigned short __uid_t;
                        ^~~~~~~
In file included from /usr/include/math.h:37,
                 from /usr/include/c++/8/cmath:45,
                 from /home/grads/v/vbchaitanya2k2/vbchaitanya-ecen-689/project_test/difuzz-rtl-sim/.local-tools/verilator/share/verilator/include/verilated.h:33,
                 from /home/grads/v/vbchaitanya2k2/vbchaitanya-ecen-689/project_test/difuzz-rtl-sim/.local-tools/verilator/share/verilator/include/verilated_heavy.h:27,
                 from ./Vtop.h:11,
                 from /home/grads/v/vbchaitanya2k2/vbchaitanya-ecen-689/project_test/difuzz-rtl-sim/.venv/lib/python3.6/site-packages/cocotb/share/lib/verilator/verilator.cpp:5:
/usr/include/bits/types.h:145:25: error: conflicting declaration ‘typedef unsigned int __gid_t’
 __STD_TYPE __GID_T_TYPE __gid_t; /* Type of group identifications.  */
                         ^~~~~~~
In file included from /home/grads/v/vbchaitanya2k2/vbchaitanya-ecen-689/project_test/difuzz-rtl-sim/.local-tools/riscv/riscv64-unknown-elf/include/sys/types.h:45,
                 from /home/grads/v/vbchaitanya2k2/vbchaitanya-ecen-689/project_test/difuzz-rtl-sim/.local-tools/verilator/share/verilator/include/verilatedos.h:302,
                 from /home/grads/v/vbchaitanya2k2/vbchaitanya-ecen-689/project_test/difuzz-rtl-sim/.local-tools/verilator/share/verilator/include/verilated.h:27,
                 from /home/grads/v/vbchaitanya2k2/vbchaitanya-ecen-689/project_test/difuzz-rtl-sim/.local-tools/verilator/share/verilator/include/verilated_heavy.h:27,
                 from ./Vtop.h:11,
                 from /home/grads/v/vbchaitanya2k2/vbchaitanya-ecen-689/project_test/difuzz-rtl-sim/.venv/lib/python3.6/site-packages/cocotb/share/lib/verilator/verilator.cpp:5:
/home/grads/v/vbchaitanya2k2/vbchaitanya-ecen-689/project_test/difuzz-rtl-sim/.local-tools/riscv/riscv64-unknown-elf/include/sys/_types.h:63:24: note: previous declaration as ‘typedef short unsigned int __gid_t’
 typedef unsigned short __gid_t;
                        ^~~~~~~
In file included from /usr/include/math.h:37,
                 from /usr/include/c++/8/cmath:45,
                 from /home/grads/v/vbchaitanya2k2/vbchaitanya-ecen-689/project_test/difuzz-rtl-sim/.local-tools/verilator/share/verilator/include/verilated.h:33,
                 from /home/grads/v/vbchaitanya2k2/vbchaitanya-ecen-689/project_test/difuzz-rtl-sim/.local-tools/verilator/share/verilator/include/verilated_heavy.h:27,
                 from ./Vtop.h:11,
                 from /home/grads/v/vbchaitanya2k2/vbchaitanya-ecen-689/project_test/difuzz-rtl-sim/.venv/lib/python3.6/site-packages/cocotb/share/lib/verilator/verilator.cpp:5:
/usr/include/bits/types.h:146:25: error: conflicting declaration ‘typedef long unsigned int __ino_t’
 __STD_TYPE __INO_T_TYPE __ino_t; /* Type of file serial numbers.  */
                         ^~~~~~~
In file included from /home/grads/v/vbchaitanya2k2/vbchaitanya-ecen-689/project_test/difuzz-rtl-sim/.local-tools/riscv/riscv64-unknown-elf/include/sys/types.h:45,
                 from /home/grads/v/vbchaitanya2k2/vbchaitanya-ecen-689/project_test/difuzz-rtl-sim/.local-tools/verilator/share/verilator/include/verilatedos.h:302,
                 from /home/grads/v/vbchaitanya2k2/vbchaitanya-ecen-689/project_test/difuzz-rtl-sim/.local-tools/verilator/share/verilator/include/verilated.h:27,
                 from /home/grads/v/vbchaitanya2k2/vbchaitanya-ecen-689/project_test/difuzz-rtl-sim/.local-tools/verilator/share/verilator/include/verilated_heavy.h:27,
                 from ./Vtop.h:11,
                 from /home/grads/v/vbchaitanya2k2/vbchaitanya-ecen-689/project_test/difuzz-rtl-sim/.venv/lib/python3.6/site-packages/cocotb/share/lib/verilator/verilator.cpp:5:
/home/grads/v/vbchaitanya2k2/vbchaitanya-ecen-689/project_test/difuzz-rtl-sim/.local-tools/riscv/riscv64-unknown-elf/include/sys/_types.h:75:24: note: previous declaration as ‘typedef short unsigned int __ino_t’
 typedef unsigned short __ino_t;
                        ^~~~~~~
In file included from /usr/include/math.h:37,
                 from /usr/include/c++/8/cmath:45,
                 from /home/grads/v/vbchaitanya2k2/vbchaitanya-ecen-689/project_test/difuzz-rtl-sim/.local-tools/verilator/share/verilator/include/verilated.h:33,
                 from /home/grads/v/vbchaitanya2k2/vbchaitanya-ecen-689/project_test/difuzz-rtl-sim/.local-tools/verilator/share/verilator/include/verilated_heavy.h:27,
                 from ./Vtop.h:11,
                 from /home/grads/v/vbchaitanya2k2/vbchaitanya-ecen-689/project_test/difuzz-rtl-sim/.venv/lib/python3.6/site-packages/cocotb/share/lib/verilator/verilator.cpp:5:
/usr/include/bits/types.h:149:27: error: conflicting declaration ‘typedef long unsigned int __nlink_t’
 __STD_TYPE __NLINK_T_TYPE __nlink_t; /* Type of file link counts.  */
                           ^~~~~~~~~
In file included from /home/grads/v/vbchaitanya2k2/vbchaitanya-ecen-689/project_test/difuzz-rtl-sim/.local-tools/riscv/riscv64-unknown-elf/include/sys/types.h:45,
                 from /home/grads/v/vbchaitanya2k2/vbchaitanya-ecen-689/project_test/difuzz-rtl-sim/.local-tools/verilator/share/verilator/include/verilatedos.h:302,
                 from /home/grads/v/vbchaitanya2k2/vbchaitanya-ecen-689/project_test/difuzz-rtl-sim/.local-tools/verilator/share/verilator/include/verilated.h:27,
                 from /home/grads/v/vbchaitanya2k2/vbchaitanya-ecen-689/project_test/difuzz-rtl-sim/.local-tools/verilator/share/verilator/include/verilated_heavy.h:27,
                 from ./Vtop.h:11,
                 from /home/grads/v/vbchaitanya2k2/vbchaitanya-ecen-689/project_test/difuzz-rtl-sim/.venv/lib/python3.6/site-packages/cocotb/share/lib/verilator/verilator.cpp:5:
/home/grads/v/vbchaitanya2k2/vbchaitanya-ecen-689/project_test/difuzz-rtl-sim/.local-tools/riscv/riscv64-unknown-elf/include/sys/_types.h:209:24: note: previous declaration as ‘typedef short unsigned int __nlink_t’
 typedef unsigned short __nlink_t;
                        ^~~~~~~~~
In file included from /usr/include/math.h:37,
                 from /usr/include/c++/8/cmath:45,
                 from /home/grads/v/vbchaitanya2k2/vbchaitanya-ecen-689/project_test/difuzz-rtl-sim/.local-tools/verilator/share/verilator/include/verilated.h:33,
                 from /home/grads/v/vbchaitanya2k2/vbchaitanya-ecen-689/project_test/difuzz-rtl-sim/.local-tools/verilator/share/verilator/include/verilated_heavy.h:27,
                 from ./Vtop.h:11,
                 from /home/grads/v/vbchaitanya2k2/vbchaitanya-ecen-689/project_test/difuzz-rtl-sim/.venv/lib/python3.6/site-packages/cocotb/share/lib/verilator/verilator.cpp:5:
/usr/include/bits/types.h:154:27: error: conflicting declaration ‘typedef long int __clock_t’
 __STD_TYPE __CLOCK_T_TYPE __clock_t; /* Type of CPU usage counts.  */
                           ^~~~~~~~~
In file included from /home/grads/v/vbchaitanya2k2/vbchaitanya-ecen-689/project_test/difuzz-rtl-sim/.local-tools/riscv/riscv64-unknown-elf/include/sys/types.h:45,
                 from /home/grads/v/vbchaitanya2k2/vbchaitanya-ecen-689/project_test/difuzz-rtl-sim/.local-tools/verilator/share/verilator/include/verilatedos.h:302,
                 from /home/grads/v/vbchaitanya2k2/vbchaitanya-ecen-689/project_test/difuzz-rtl-sim/.local-tools/verilator/share/verilator/include/verilated.h:27,
                 from /home/grads/v/vbchaitanya2k2/vbchaitanya-ecen-689/project_test/difuzz-rtl-sim/.local-tools/verilator/share/verilator/include/verilated_heavy.h:27,
                 from ./Vtop.h:11,
                 from /home/grads/v/vbchaitanya2k2/vbchaitanya-ecen-689/project_test/difuzz-rtl-sim/.venv/lib/python3.6/site-packages/cocotb/share/lib/verilator/verilator.cpp:5:
/home/grads/v/vbchaitanya2k2/vbchaitanya-ecen-689/project_test/difuzz-rtl-sim/.local-tools/riscv/riscv64-unknown-elf/include/sys/_types.h:182:19: note: previous declaration as ‘typedef long unsigned int __clock_t’
 typedef _CLOCK_T_ __clock_t;
                   ^~~~~~~~~
In file included from /usr/include/math.h:37,
                 from /usr/include/c++/8/cmath:45,
                 from /home/grads/v/vbchaitanya2k2/vbchaitanya-ecen-689/project_test/difuzz-rtl-sim/.local-tools/verilator/share/verilator/include/verilated.h:33,
                 from /home/grads/v/vbchaitanya2k2/vbchaitanya-ecen-689/project_test/difuzz-rtl-sim/.local-tools/verilator/share/verilator/include/verilated_heavy.h:27,
                 from ./Vtop.h:11,
                 from /home/grads/v/vbchaitanya2k2/vbchaitanya-ecen-689/project_test/difuzz-rtl-sim/.venv/lib/python3.6/site-packages/cocotb/share/lib/verilator/verilator.cpp:5:
/usr/include/bits/types.h:159:30: error: conflicting declaration ‘typedef unsigned int __useconds_t’
 __STD_TYPE __USECONDS_T_TYPE __useconds_t; /* Count of microseconds.  */
                              ^~~~~~~~~~~~
In file included from /home/grads/v/vbchaitanya2k2/vbchaitanya-ecen-689/project_test/difuzz-rtl-sim/.local-tools/riscv/riscv64-unknown-elf/include/sys/types.h:45,
                 from /home/grads/v/vbchaitanya2k2/vbchaitanya-ecen-689/project_test/difuzz-rtl-sim/.local-tools/verilator/share/verilator/include/verilatedos.h:302,
                 from /home/grads/v/vbchaitanya2k2/vbchaitanya-ecen-689/project_test/difuzz-rtl-sim/.local-tools/verilator/share/verilator/include/verilated.h:27,
                 from /home/grads/v/vbchaitanya2k2/vbchaitanya-ecen-689/project_test/difuzz-rtl-sim/.local-tools/verilator/share/verilator/include/verilated_heavy.h:27,
                 from ./Vtop.h:11,
                 from /home/grads/v/vbchaitanya2k2/vbchaitanya-ecen-689/project_test/difuzz-rtl-sim/.venv/lib/python3.6/site-packages/cocotb/share/lib/verilator/verilator.cpp:5:
/home/grads/v/vbchaitanya2k2/vbchaitanya-ecen-689/project_test/difuzz-rtl-sim/.local-tools/riscv/riscv64-unknown-elf/include/sys/_types.h:211:23: note: previous declaration as ‘typedef long unsigned int __useconds_t’
 typedef unsigned long __useconds_t; /* microseconds (unsigned) */
                       ^~~~~~~~~~~~
In file included from /usr/include/math.h:37,
                 from /usr/include/c++/8/cmath:45,
                 from /home/grads/v/vbchaitanya2k2/vbchaitanya-ecen-689/project_test/difuzz-rtl-sim/.local-tools/verilator/share/verilator/include/verilated.h:33,
                 from /home/grads/v/vbchaitanya2k2/vbchaitanya-ecen-689/project_test/difuzz-rtl-sim/.local-tools/verilator/share/verilator/include/verilated_heavy.h:27,
                 from ./Vtop.h:11,
                 from /home/grads/v/vbchaitanya2k2/vbchaitanya-ecen-689/project_test/difuzz-rtl-sim/.venv/lib/python3.6/site-packages/cocotb/share/lib/verilator/verilator.cpp:5:
/usr/include/bits/types.h:163:25: error: conflicting declaration ‘typedef int __key_t’
 __STD_TYPE __KEY_T_TYPE __key_t; /* Type of an IPC key.  */
                         ^~~~~~~
In file included from /home/grads/v/vbchaitanya2k2/vbchaitanya-ecen-689/project_test/difuzz-rtl-sim/.local-tools/riscv/riscv64-unknown-elf/include/sys/types.h:45,
                 from /home/grads/v/vbchaitanya2k2/vbchaitanya-ecen-689/project_test/difuzz-rtl-sim/.local-tools/verilator/share/verilator/include/verilatedos.h:302,
                 from /home/grads/v/vbchaitanya2k2/vbchaitanya-ecen-689/project_test/difuzz-rtl-sim/.local-tools/verilator/share/verilator/include/verilated.h:27,
                 from /home/grads/v/vbchaitanya2k2/vbchaitanya-ecen-689/project_test/difuzz-rtl-sim/.local-tools/verilator/share/verilator/include/verilated_heavy.h:27,
                 from ./Vtop.h:11,
                 from /home/grads/v/vbchaitanya2k2/vbchaitanya-ecen-689/project_test/difuzz-rtl-sim/.venv/lib/python3.6/site-packages/cocotb/share/lib/verilator/verilator.cpp:5:
/home/grads/v/vbchaitanya2k2/vbchaitanya-ecen-689/project_test/difuzz-rtl-sim/.local-tools/riscv/riscv64-unknown-elf/include/sys/_types.h:108:14: note: previous declaration as ‘typedef long int __key_t’
 typedef long __key_t;
              ^~~~~~~
In file included from /usr/include/math.h:37,
                 from /usr/include/c++/8/cmath:45,
                 from /home/grads/v/vbchaitanya2k2/vbchaitanya-ecen-689/project_test/difuzz-rtl-sim/.local-tools/verilator/share/verilator/include/verilated.h:33,
                 from /home/grads/v/vbchaitanya2k2/vbchaitanya-ecen-689/project_test/difuzz-rtl-sim/.local-tools/verilator/share/verilator/include/verilated_heavy.h:27,
                 from ./Vtop.h:11,
                 from /home/grads/v/vbchaitanya2k2/vbchaitanya-ecen-689/project_test/difuzz-rtl-sim/.venv/lib/python3.6/site-packages/cocotb/share/lib/verilator/verilator.cpp:5:
/usr/include/bits/types.h:166:29: error: conflicting declaration ‘typedef int __clockid_t’
 __STD_TYPE __CLOCKID_T_TYPE __clockid_t;
                             ^~~~~~~~~~~
In file included from /home/grads/v/vbchaitanya2k2/vbchaitanya-ecen-689/project_test/difuzz-rtl-sim/.local-tools/riscv/riscv64-unknown-elf/include/sys/types.h:45,
                 from /home/grads/v/vbchaitanya2k2/vbchaitanya-ecen-689/project_test/difuzz-rtl-sim/.local-tools/verilator/share/verilator/include/verilatedos.h:302,
                 from /home/grads/v/vbchaitanya2k2/vbchaitanya-ecen-689/project_test/difuzz-rtl-sim/.local-tools/verilator/share/verilator/include/verilated.h:27,
                 from /home/grads/v/vbchaitanya2k2/vbchaitanya-ecen-689/project_test/difuzz-rtl-sim/.local-tools/verilator/share/verilator/include/verilated_heavy.h:27,
                 from ./Vtop.h:11,
                 from /home/grads/v/vbchaitanya2k2/vbchaitanya-ecen-689/project_test/difuzz-rtl-sim/.venv/lib/python3.6/site-packages/cocotb/share/lib/verilator/verilator.cpp:5:
/home/grads/v/vbchaitanya2k2/vbchaitanya-ecen-689/project_test/difuzz-rtl-sim/.local-tools/riscv/riscv64-unknown-elf/include/sys/_types.h:195:21: note: previous declaration as ‘typedef long unsigned int __clockid_t’
 typedef _CLOCKID_T_ __clockid_t;
                     ^~~~~~~~~~~
In file included from /usr/include/math.h:37,
                 from /usr/include/c++/8/cmath:45,
                 from /home/grads/v/vbchaitanya2k2/vbchaitanya-ecen-689/project_test/difuzz-rtl-sim/.local-tools/verilator/share/verilator/include/verilated.h:33,
                 from /home/grads/v/vbchaitanya2k2/vbchaitanya-ecen-689/project_test/difuzz-rtl-sim/.local-tools/verilator/share/verilator/include/verilated_heavy.h:27,
                 from ./Vtop.h:11,
                 from /home/grads/v/vbchaitanya2k2/vbchaitanya-ecen-689/project_test/difuzz-rtl-sim/.venv/lib/python3.6/site-packages/cocotb/share/lib/verilator/verilator.cpp:5:
/usr/include/bits/types.h:169:27: error: conflicting declaration ‘typedef void* __timer_t’
 __STD_TYPE __TIMER_T_TYPE __timer_t;
                           ^~~~~~~~~
In file included from /home/grads/v/vbchaitanya2k2/vbchaitanya-ecen-689/project_test/difuzz-rtl-sim/.local-tools/riscv/riscv64-unknown-elf/include/sys/types.h:45,
                 from /home/grads/v/vbchaitanya2k2/vbchaitanya-ecen-689/project_test/difuzz-rtl-sim/.local-tools/verilator/share/verilator/include/verilatedos.h:302,
                 from /home/grads/v/vbchaitanya2k2/vbchaitanya-ecen-689/project_test/difuzz-rtl-sim/.local-tools/verilator/share/verilator/include/verilated.h:27,
                 from /home/grads/v/vbchaitanya2k2/vbchaitanya-ecen-689/project_test/difuzz-rtl-sim/.local-tools/verilator/share/verilator/include/verilated_heavy.h:27,
                 from ./Vtop.h:11,
                 from /home/grads/v/vbchaitanya2k2/vbchaitanya-ecen-689/project_test/difuzz-rtl-sim/.venv/lib/python3.6/site-packages/cocotb/share/lib/verilator/verilator.cpp:5:
/home/grads/v/vbchaitanya2k2/vbchaitanya-ecen-689/project_test/difuzz-rtl-sim/.local-tools/riscv/riscv64-unknown-elf/include/sys/_types.h:198:19: note: previous declaration as ‘typedef long unsigned int __timer_t’
 typedef _TIMER_T_ __timer_t;
                   ^~~~~~~~~
In file included from /usr/include/math.h:37,
                 from /usr/include/c++/8/cmath:45,
                 from /home/grads/v/vbchaitanya2k2/vbchaitanya-ecen-689/project_test/difuzz-rtl-sim/.local-tools/verilator/share/verilator/include/verilated.h:33,
                 from /home/grads/v/vbchaitanya2k2/vbchaitanya-ecen-689/project_test/difuzz-rtl-sim/.local-tools/verilator/share/verilator/include/verilated_heavy.h:27,
                 from ./Vtop.h:11,
                 from /home/grads/v/vbchaitanya2k2/vbchaitanya-ecen-689/project_test/difuzz-rtl-sim/.venv/lib/python3.6/site-packages/cocotb/share/lib/verilator/verilator.cpp:5:
/usr/include/bits/types.h:185:30: error: conflicting declaration ‘typedef long unsigned int __fsfilcnt_t’
 __STD_TYPE __FSFILCNT_T_TYPE __fsfilcnt_t;
                              ^~~~~~~~~~~~
In file included from /home/grads/v/vbchaitanya2k2/vbchaitanya-ecen-689/project_test/difuzz-rtl-sim/.local-tools/riscv/riscv64-unknown-elf/include/sys/types.h:45,
                 from /home/grads/v/vbchaitanya2k2/vbchaitanya-ecen-689/project_test/difuzz-rtl-sim/.local-tools/verilator/share/verilator/include/verilatedos.h:302,
                 from /home/grads/v/vbchaitanya2k2/vbchaitanya-ecen-689/project_test/difuzz-rtl-sim/.local-tools/verilator/share/verilator/include/verilated.h:27,
                 from /home/grads/v/vbchaitanya2k2/vbchaitanya-ecen-689/project_test/difuzz-rtl-sim/.local-tools/verilator/share/verilator/include/verilated_heavy.h:27,
                 from ./Vtop.h:11,
                 from /home/grads/v/vbchaitanya2k2/vbchaitanya-ecen-689/project_test/difuzz-rtl-sim/.venv/lib/python3.6/site-packages/cocotb/share/lib/verilator/verilator.cpp:5:
/home/grads/v/vbchaitanya2k2/vbchaitanya-ecen-689/project_test/difuzz-rtl-sim/.local-tools/riscv/riscv64-unknown-elf/include/sys/_types.h:42:20: note: previous declaration as ‘typedef __uint32_t __fsfilcnt_t’
 typedef __uint32_t __fsfilcnt_t;
                    ^~~~~~~~~~~~
In file included from /usr/include/math.h:37,
                 from /usr/include/c++/8/cmath:45,
                 from /home/grads/v/vbchaitanya2k2/vbchaitanya-ecen-689/project_test/difuzz-rtl-sim/.local-tools/verilator/share/verilator/include/verilated.h:33,
                 from /home/grads/v/vbchaitanya2k2/vbchaitanya-ecen-689/project_test/difuzz-rtl-sim/.local-tools/verilator/share/verilator/include/verilated_heavy.h:27,
                 from ./Vtop.h:11,
                 from /home/grads/v/vbchaitanya2k2/vbchaitanya-ecen-689/project_test/difuzz-rtl-sim/.venv/lib/python3.6/site-packages/cocotb/share/lib/verilator/verilator.cpp:5:
/usr/include/bits/types.h:200:19: error: conflicting declaration ‘typedef __off64_t __loff_t’
 typedef __off64_t __loff_t; /* Type of file sizes and offsets (LFS).  */
                   ^~~~~~~~
In file included from /home/grads/v/vbchaitanya2k2/vbchaitanya-ecen-689/project_test/difuzz-rtl-sim/.local-tools/riscv/riscv64-unknown-elf/include/sys/types.h:45,
                 from /home/grads/v/vbchaitanya2k2/vbchaitanya-ecen-689/project_test/difuzz-rtl-sim/.local-tools/verilator/share/verilator/include/verilatedos.h:302,
                 from /home/grads/v/vbchaitanya2k2/vbchaitanya-ecen-689/project_test/difuzz-rtl-sim/.local-tools/verilator/share/verilator/include/verilated.h:27,
                 from /home/grads/v/vbchaitanya2k2/vbchaitanya-ecen-689/project_test/difuzz-rtl-sim/.local-tools/verilator/share/verilator/include/verilated_heavy.h:27,
                 from ./Vtop.h:11,
                 from /home/grads/v/vbchaitanya2k2/vbchaitanya-ecen-689/project_test/difuzz-rtl-sim/.venv/lib/python3.6/site-packages/cocotb/share/lib/verilator/verilator.cpp:5:
/home/grads/v/vbchaitanya2k2/vbchaitanya-ecen-689/project_test/difuzz-rtl-sim/.local-tools/riscv/riscv64-unknown-elf/include/sys/_types.h:105:18: note: previous declaration as ‘typedef _off64_t __loff_t’
 typedef _off64_t __loff_t;
                  ^~~~~~~~
In file included from /usr/include/c++/8/bits/std_abs.h:38,
                 from /usr/include/c++/8/cmath:47,
                 from /home/grads/v/vbchaitanya2k2/vbchaitanya-ecen-689/project_test/difuzz-rtl-sim/.local-tools/verilator/share/verilator/include/verilated.h:33,
                 from /home/grads/v/vbchaitanya2k2/vbchaitanya-ecen-689/project_test/difuzz-rtl-sim/.local-tools/verilator/share/verilator/include/verilated_heavy.h:27,
                 from ./Vtop.h:11,
                 from /home/grads/v/vbchaitanya2k2/vbchaitanya-ecen-689/project_test/difuzz-rtl-sim/.venv/lib/python3.6/site-packages/cocotb/share/lib/verilator/verilator.cpp:5:
/usr/include/stdlib.h:97:53: error: expected initializer before ‘__wur’
 extern size_t __ctype_get_mb_cur_max (void) __THROW __wur;
                                                     ^~~~~
/usr/include/stdlib.h:102:49: error: expected initializer before ‘__wur’
      __THROW __attribute_pure__ __nonnull ((1)) __wur;
                                                 ^~~~~
/usr/include/stdlib.h:105:49: error: expected initializer before ‘__wur’
      __THROW __attribute_pure__ __nonnull ((1)) __wur;
                                                 ^~~~~
/usr/include/stdlib.h:108:49: error: expected initializer before ‘__wur’
      __THROW __attribute_pure__ __nonnull ((1)) __wur;
                                                 ^~~~~
/usr/include/stdlib.h:113:49: error: expected initializer before ‘__wur’
      __THROW __attribute_pure__ __nonnull ((1)) __wur;
                                                 ^~~~~
In file included from /usr/include/bits/types/locale_t.h:22,
                 from /usr/include/stdlib.h:272,
                 from /usr/include/c++/8/bits/std_abs.h:38,
                 from /usr/include/c++/8/cmath:47,
                 from /home/grads/v/vbchaitanya2k2/vbchaitanya-ecen-689/project_test/difuzz-rtl-sim/.local-tools/verilator/share/verilator/include/verilated.h:33,
                 from /home/grads/v/vbchaitanya2k2/vbchaitanya-ecen-689/project_test/difuzz-rtl-sim/.local-tools/verilator/share/verilator/include/verilated_heavy.h:27,
                 from ./Vtop.h:11,
                 from /home/grads/v/vbchaitanya2k2/vbchaitanya-ecen-689/project_test/difuzz-rtl-sim/.venv/lib/python3.6/site-packages/cocotb/share/lib/verilator/verilator.cpp:5:
/usr/include/bits/types/__locale_t.h:42:33: error: conflicting declaration ‘typedef struct __locale_struct* __locale_t’
 typedef struct __locale_struct *__locale_t;
                                 ^~~~~~~~~~
In file included from /home/grads/v/vbchaitanya2k2/vbchaitanya-ecen-689/project_test/difuzz-rtl-sim/.local-tools/riscv/riscv64-unknown-elf/include/inttypes.h:25,
                 from /home/grads/v/vbchaitanya2k2/vbchaitanya-ecen-689/project_test/difuzz-rtl-sim/.local-tools/verilator/share/verilator/include/verilatedos.h:300,
                 from /home/grads/v/vbchaitanya2k2/vbchaitanya-ecen-689/project_test/difuzz-rtl-sim/.local-tools/verilator/share/verilator/include/verilated.h:27,
                 from /home/grads/v/vbchaitanya2k2/vbchaitanya-ecen-689/project_test/difuzz-rtl-sim/.local-tools/verilator/share/verilator/include/verilated_heavy.h:27,
                 from ./Vtop.h:11,
                 from /home/grads/v/vbchaitanya2k2/vbchaitanya-ecen-689/project_test/difuzz-rtl-sim/.venv/lib/python3.6/site-packages/cocotb/share/lib/verilator/verilator.cpp:5:
/home/grads/v/vbchaitanya2k2/vbchaitanya-ecen-689/project_test/difuzz-rtl-sim/.local-tools/riscv/riscv64-unknown-elf/include/sys/_locale.h:9:8: note: previous declaration as ‘struct __locale_t’
 struct __locale_t;
        ^~~~~~~~~~
In file included from /usr/include/stdlib.h:272,
                 from /usr/include/c++/8/bits/std_abs.h:38,
                 from /usr/include/c++/8/cmath:47,
                 from /home/grads/v/vbchaitanya2k2/vbchaitanya-ecen-689/project_test/difuzz-rtl-sim/.local-tools/verilator/share/verilator/include/verilated.h:33,
                 from /home/grads/v/vbchaitanya2k2/vbchaitanya-ecen-689/project_test/difuzz-rtl-sim/.local-tools/verilator/share/verilator/include/verilated_heavy.h:27,
                 from ./Vtop.h:11,
                 from /home/grads/v/vbchaitanya2k2/vbchaitanya-ecen-689/project_test/difuzz-rtl-sim/.venv/lib/python3.6/site-packages/cocotb/share/lib/verilator/verilator.cpp:5:
/usr/include/bits/types/locale_t.h:24:20: error: conflicting declaration ‘typedef struct __locale_t locale_t’
 typedef __locale_t locale_t;
                    ^~~~~~~~
In file included from /home/grads/v/vbchaitanya2k2/vbchaitanya-ecen-689/project_test/difuzz-rtl-sim/.local-tools/riscv/riscv64-unknown-elf/include/inttypes.h:25,
                 from /home/grads/v/vbchaitanya2k2/vbchaitanya-ecen-689/project_test/difuzz-rtl-sim/.local-tools/verilator/share/verilator/include/verilatedos.h:300,
                 from /home/grads/v/vbchaitanya2k2/vbchaitanya-ecen-689/project_test/difuzz-rtl-sim/.local-tools/verilator/share/verilator/include/verilated.h:27,
                 from /home/grads/v/vbchaitanya2k2/vbchaitanya-ecen-689/project_test/difuzz-rtl-sim/.local-tools/verilator/share/verilator/include/verilated_heavy.h:27,
                 from ./Vtop.h:11,
                 from /home/grads/v/vbchaitanya2k2/vbchaitanya-ecen-689/project_test/difuzz-rtl-sim/.venv/lib/python3.6/site-packages/cocotb/share/lib/verilator/verilator.cpp:5:
/home/grads/v/vbchaitanya2k2/vbchaitanya-ecen-689/project_test/difuzz-rtl-sim/.local-tools/riscv/riscv64-unknown-elf/include/sys/_locale.h:10:28: note: previous declaration as ‘typedef struct __locale_t* locale_t’
 typedef struct __locale_t *locale_t;
                            ^~~~~~~~
In file included from /usr/include/c++/8/bits/std_abs.h:38,
                 from /usr/include/c++/8/cmath:47,
                 from /home/grads/v/vbchaitanya2k2/vbchaitanya-ecen-689/project_test/difuzz-rtl-sim/.local-tools/verilator/share/verilator/include/verilated.h:33,
                 from /home/grads/v/vbchaitanya2k2/vbchaitanya-ecen-689/project_test/difuzz-rtl-sim/.local-tools/verilator/share/verilator/include/verilated_heavy.h:27,
                 from ./Vtop.h:11,
                 from /home/grads/v/vbchaitanya2k2/vbchaitanya-ecen-689/project_test/difuzz-rtl-sim/.venv/lib/python3.6/site-packages/cocotb/share/lib/verilator/verilator.cpp:5:
/usr/include/stdlib.h:385:42: error: expected initializer before ‘__wur’
 extern char *l64a (long int __n) __THROW __wur;
                                          ^~~~~
/usr/include/stdlib.h:389:49: error: expected initializer before ‘__wur’
      __THROW __attribute_pure__ __nonnull ((1)) __wur;
                                                 ^~~~~
/usr/include/stdlib.h:539:66: error: expected initializer before ‘__wur’
 extern void *malloc (size_t __size) __THROW __attribute_malloc__ __wur;
                                                                  ^~~~~
/usr/include/stdlib.h:542:35: error: expected initializer before ‘__wur’
      __THROW __attribute_malloc__ __wur;
                                   ^~~~~
/usr/include/stdlib.h:550:14: error: expected initializer before ‘__attribute_warn_unused_result__’
      __THROW __attribute_warn_unused_result__;
              ^~~~~~~~~~~~~~~~~~~~~~~~~~~~~~~~
/usr/include/stdlib.h:559:14: error: expected initializer before ‘__attribute_warn_unused_result__’
      __THROW __attribute_warn_unused_result__;
              ^~~~~~~~~~~~~~~~~~~~~~~~~~~~~~~~
In file included from /usr/include/c++/8/bits/std_abs.h:38,
                 from /usr/include/c++/8/cmath:47,
                 from /home/grads/v/vbchaitanya2k2/vbchaitanya-ecen-689/project_test/difuzz-rtl-sim/.local-tools/verilator/share/verilator/include/verilated.h:33,
                 from /home/grads/v/vbchaitanya2k2/vbchaitanya-ecen-689/project_test/difuzz-rtl-sim/.local-tools/verilator/share/verilator/include/verilated_heavy.h:27,
                 from ./Vtop.h:11,
                 from /home/grads/v/vbchaitanya2k2/vbchaitanya-ecen-689/project_test/difuzz-rtl-sim/.venv/lib/python3.6/site-packages/cocotb/share/lib/verilator/verilator.cpp:5:
/usr/include/stdlib.h:572:66: error: expected initializer before ‘__wur’
 extern void *valloc (size_t __size) __THROW __attribute_malloc__ __wur;
                                                                  ^~~~~
/usr/include/stdlib.h:578:30: error: expected initializer before ‘__wur’
      __THROW __nonnull ((1)) __wur;
                              ^~~~~
/usr/include/stdlib.h:584:35: error: expected initializer before ‘__attribute_alloc_size__’
      __THROW __attribute_malloc__ __attribute_alloc_size__ ((2)) __wur;
                                   ^~~~~~~~~~~~~~~~~~~~~~~~
/usr/include/stdlib.h:631:66: error: expected initializer before ‘__wur’
 extern char *getenv (const char *__name) __THROW __nonnull ((1)) __wur;
                                                                  ^~~~~
/usr/include/stdlib.h:637:30: error: expected initializer before ‘__wur’
      __THROW __nonnull ((1)) __wur;
                              ^~~~~
/usr/include/stdlib.h:685:55: error: expected initializer before ‘__wur’
 extern int mkstemp (char *__template) __nonnull ((1)) __wur;
                                                       ^~~~~
/usr/include/stdlib.h:695:57: error: expected initializer before ‘__wur’
 extern int mkstemp64 (char *__template) __nonnull ((1)) __wur;
                                                         ^~~~~
/usr/include/stdlib.h:707:73: error: expected initializer before ‘__wur’
 extern int mkstemps (char *__template, int __suffixlen) __nonnull ((1)) __wur;
                                                                         ^~~~~
/usr/include/stdlib.h:718:22: error: expected initializer before ‘__wur’
      __nonnull ((1)) __wur;
                      ^~~~~
/usr/include/stdlib.h:728:65: error: expected initializer before ‘__wur’
 extern char *mkdtemp (char *__template) __THROW __nonnull ((1)) __wur;
                                                                 ^~~~~
/usr/include/stdlib.h:739:69: error: expected initializer before ‘__wur’
 extern int mkostemp (char *__template, int __flags) __nonnull ((1)) __wur;
                                                                     ^~~~~
/usr/include/stdlib.h:749:71: error: expected initializer before ‘__wur’
 extern int mkostemp64 (char *__template, int __flags) __nonnull ((1)) __wur;
                                                                       ^~~~~
/usr/include/stdlib.h:760:22: error: expected initializer before ‘__wur’
      __nonnull ((1)) __wur;
                      ^~~~~
/usr/include/stdlib.h:772:22: error: expected initializer before ‘__wur’
      __nonnull ((1)) __wur;
                      ^~~~~
/usr/include/stdlib.h:781:43: error: expected initializer before ‘__wur’
 extern int system (const char *__command) __wur;
                                           ^~~~~
/usr/include/stdlib.h:788:30: error: expected initializer before ‘__wur’
      __THROW __nonnull ((1)) __wur;
                              ^~~~~
/usr/include/stdlib.h:798:47: error: expected initializer before ‘__wur’
          char *__restrict __resolved) __THROW __wur;
                                               ^~~~~
/usr/include/stdlib.h:819:28: error: expected initializer before ‘__wur’
      __nonnull ((1, 2, 5)) __wur;
                            ^~~~~
/usr/include/stdlib.h:837:62: error: expected initializer before ‘__wur’
 extern int abs (int __x) __THROW __attribute__ ((__const__)) __wur;
                                                              ^~~~~
/usr/include/stdlib.h:838:73: error: expected initializer before ‘__wur’
 extern long int labs (long int __x) __THROW __attribute__ ((__const__)) __wur;
                                                                         ^~~~~
/usr/include/stdlib.h:842:42: error: expected initializer before ‘__wur’
      __THROW __attribute__ ((__const__)) __wur;
                                          ^~~~~
/usr/include/stdlib.h:850:42: error: expected initializer before ‘__wur’
      __THROW __attribute__ ((__const__)) __wur;
                                          ^~~~~
/usr/include/stdlib.h:852:42: error: expected initializer before ‘__wur’
      __THROW __attribute__ ((__const__)) __wur;
                                          ^~~~~
/usr/include/stdlib.h:857:42: error: expected initializer before ‘__wur’
      __THROW __attribute__ ((__const__)) __wur;
                                          ^~~~~
/usr/include/stdlib.h:870:57: error: expected initializer before ‘__wur’
      int *__restrict __sign) __THROW __nonnull ((3, 4)) __wur;
                                                         ^~~~~
/usr/include/stdlib.h:876:57: error: expected initializer before ‘__wur’
      int *__restrict __sign) __THROW __nonnull ((3, 4)) __wur;
                                                         ^~~~~
/usr/include/stdlib.h:882:30: error: expected initializer before ‘__wur’
      __THROW __nonnull ((3)) __wur;
                              ^~~~~
/usr/include/stdlib.h:889:33: error: expected initializer before ‘__wur’
      __THROW __nonnull ((3, 4)) __wur;
                                 ^~~~~
/usr/include/stdlib.h:892:33: error: expected initializer before ‘__wur’
      __THROW __nonnull ((3, 4)) __wur;
                                 ^~~~~
/usr/include/stdlib.h:894:30: error: expected initializer before ‘__wur’
      __THROW __nonnull ((3)) __wur;
                              ^~~~~
/usr/include/stdlib.h:943:69: error: expected initializer before ‘__wur’
 extern int rpmatch (const char *__response) __THROW __nonnull ((1)) __wur;
                                                                     ^~~~~
/usr/include/stdlib.h:957:36: error: expected initializer before ‘__wur’
      __THROW __nonnull ((1, 2, 3)) __wur;
                                    ^~~~~
/usr/include/stdlib.h:965:39: error: expected initializer before ‘__wur’
 extern int posix_openpt (int __oflag) __wur;
                                       ^~~~~
/usr/include/stdlib.h:982:41: error: expected initializer before ‘__wur’
 extern char *ptsname (int __fd) __THROW __wur;
                                         ^~~~~
In file included from /usr/include/c++/8/cmath:47,
                 from /home/grads/v/vbchaitanya2k2/vbchaitanya-ecen-689/project_test/difuzz-rtl-sim/.local-tools/verilator/share/verilator/include/verilated.h:33,
                 from /home/grads/v/vbchaitanya2k2/vbchaitanya-ecen-689/project_test/difuzz-rtl-sim/.local-tools/verilator/share/verilator/include/verilated_heavy.h:27,
                 from ./Vtop.h:11,
                 from /home/grads/v/vbchaitanya2k2/vbchaitanya-ecen-689/project_test/difuzz-rtl-sim/.venv/lib/python3.6/site-packages/cocotb/share/lib/verilator/verilator.cpp:5:
/usr/include/c++/8/bits/std_abs.h:52:11: error: ‘::abs’ has not been declared
   using ::abs;
           ^~~
In file included from /home/grads/v/vbchaitanya2k2/vbchaitanya-ecen-689/project_test/difuzz-rtl-sim/.local-tools/verilator/share/verilator/include/verilated.h:36,
                 from /home/grads/v/vbchaitanya2k2/vbchaitanya-ecen-689/project_test/difuzz-rtl-sim/.local-tools/verilator/share/verilator/include/verilated_heavy.h:27,
                 from ./Vtop.h:11,
                 from /home/grads/v/vbchaitanya2k2/vbchaitanya-ecen-689/project_test/difuzz-rtl-sim/.venv/lib/python3.6/site-packages/cocotb/share/lib/verilator/verilator.cpp:5:
/usr/include/c++/8/cstdlib:140:11: error: ‘::atof’ has not been declared
   using ::atof;
           ^~~~
/usr/include/c++/8/cstdlib:141:11: error: ‘::atoi’ has not been declared
   using ::atoi;
           ^~~~
/usr/include/c++/8/cstdlib:142:11: error: ‘::atol’ has not been declared
   using ::atol;
           ^~~~
/usr/include/c++/8/cstdlib:143:11: error: ‘::bsearch’ has not been declared
   using ::bsearch;
           ^~~~~~~
/usr/include/c++/8/cstdlib:144:11: error: ‘::calloc’ has not been declared
   using ::calloc;
           ^~~~~~
/usr/include/c++/8/cstdlib:145:11: error: ‘::div’ has not been declared
   using ::div;
           ^~~
/usr/include/c++/8/cstdlib:148:11: error: ‘::getenv’ has not been declared
   using ::getenv;
           ^~~~~~
/usr/include/c++/8/cstdlib:149:11: error: ‘::labs’ has not been declared
   using ::labs;
           ^~~~
/usr/include/c++/8/cstdlib:150:11: error: ‘::ldiv’ has not been declared
   using ::ldiv;
           ^~~~
/usr/include/c++/8/cstdlib:151:11: error: ‘::malloc’ has not been declared
   using ::malloc;
           ^~~~~~
/usr/include/c++/8/cstdlib:164:11: error: ‘::realloc’ has not been declared
   using ::realloc;
           ^~~~~~~
/usr/include/c++/8/cstdlib:169:11: error: ‘::system’ has not been declared
   using ::system;
           ^~~~~~
/usr/include/c++/8/cstdlib: In function ‘ldiv_t std::div(long int, long int)’:
/usr/include/c++/8/cstdlib:177:36: error: ‘ldiv’ was not declared in this scope
   div(long __i, long __j) { return ldiv(__i, __j); }
                                    ^~~~
/usr/include/c++/8/cstdlib:177:36: note: suggested alternative: ‘div’
   div(long __i, long __j) { return ldiv(__i, __j); }
                                    ^~~~
                                    div
/usr/include/c++/8/cstdlib: At global scope:
/usr/include/c++/8/cstdlib:210:11: error: ‘::llabs’ has not been declared
   using ::llabs;
           ^~~~~
/usr/include/c++/8/cstdlib:216:11: error: ‘::lldiv’ has not been declared
   using ::lldiv;
           ^~~~~
/usr/include/c++/8/cstdlib:227:11: error: ‘::atoll’ has not been declared
   using ::atoll;
           ^~~~~
/usr/include/c++/8/cstdlib:244:22: error: ‘__gnu_cxx::llabs’ has not been declared
   using ::__gnu_cxx::llabs;
                      ^~~~~
/usr/include/c++/8/cstdlib:246:22: error: ‘__gnu_cxx::lldiv’ has not been declared
   using ::__gnu_cxx::lldiv;
                      ^~~~~
/usr/include/c++/8/cstdlib:248:22: error: ‘__gnu_cxx::atoll’ has not been declared
   using ::__gnu_cxx::atoll;
                      ^~~~~
In file included from /usr/include/c++/8/bits/localefwd.h:40,
                 from /usr/include/c++/8/string:43,
                 from /usr/include/c++/8/stdexcept:39,
                 from /usr/include/c++/8/array:39,
                 from /usr/include/c++/8/tuple:39,
                 from /usr/include/c++/8/bits/stl_map.h:63,
                 from /usr/include/c++/8/map:61,
                 from /home/grads/v/vbchaitanya2k2/vbchaitanya-ecen-689/project_test/difuzz-rtl-sim/.local-tools/verilator/share/verilator/include/verilated_heavy.h:31,
                 from ./Vtop.h:11,
                 from /home/grads/v/vbchaitanya2k2/vbchaitanya-ecen-689/project_test/difuzz-rtl-sim/.venv/lib/python3.6/site-packages/cocotb/share/lib/verilator/verilator.cpp:5:
/usr/include/c++/8/x86_64-redhat-linux/bits/c++locale.h: In function ‘int std::__convert_from_v(const __c_locale&, char*, int, const char*, ...)’:
/usr/include/c++/8/x86_64-redhat-linux/bits/c++locale.h:75:16: error: variable ‘std::__c_locale __old’ has initializer but incomplete type
     __c_locale __old = __gnu_cxx::__uselocale(__cloc);
                ^~~~~
/usr/include/c++/8/x86_64-redhat-linux/bits/c++locale.h:75:47: error: cannot convert ‘const __c_locale’ {aka ‘const __locale_t’} to ‘locale_t’ {aka ‘__locale_t*’}
     __c_locale __old = __gnu_cxx::__uselocale(__cloc);
                                               ^~~~~~
/usr/include/c++/8/x86_64-redhat-linux/bits/c++locale.h:52:34: note:   initializing argument 1 of ‘__locale_t* __gnu_cxx::__uselocale(locale_t)’
   extern "C" __typeof(uselocale) __uselocale;
                                  ^~~~~~~~~~~
In file included from /usr/include/c++/8/x86_64-redhat-linux/bits/gthr.h:148,
                 from /usr/include/c++/8/ext/atomicity.h:35,
                 from /usr/include/c++/8/bits/basic_string.h:39,
                 from /usr/include/c++/8/string:52,
                 from /usr/include/c++/8/stdexcept:39,
                 from /usr/include/c++/8/array:39,
                 from /usr/include/c++/8/tuple:39,
                 from /usr/include/c++/8/bits/stl_map.h:63,
                 from /usr/include/c++/8/map:61,
                 from /home/grads/v/vbchaitanya2k2/vbchaitanya-ecen-689/project_test/difuzz-rtl-sim/.local-tools/verilator/share/verilator/include/verilated_heavy.h:31,
                 from ./Vtop.h:11,
                 from /home/grads/v/vbchaitanya2k2/vbchaitanya-ecen-689/project_test/difuzz-rtl-sim/.venv/lib/python3.6/site-packages/cocotb/share/lib/verilator/verilator.cpp:5:
/usr/include/c++/8/x86_64-redhat-linux/bits/gthr-default.h: At global scope:
/usr/include/c++/8/x86_64-redhat-linux/bits/gthr-default.h:101:1: error: ‘pthread_once’ was not declared in this scope
 __gthrw(pthread_once)
 ^~~~~~~
/usr/include/c++/8/x86_64-redhat-linux/bits/gthr-default.h:101:1: note: suggested alternative: ‘pthread_once_t’
/usr/include/c++/8/x86_64-redhat-linux/bits/gthr-default.h:102:1: error: ‘pthread_getspecific’ was not declared in this scope
 __gthrw(pthread_getspecific)
 ^~~~~~~
/usr/include/c++/8/x86_64-redhat-linux/bits/gthr-default.h:102:1: note: suggested alternative: ‘pthread_mutex_t’
/usr/include/c++/8/x86_64-redhat-linux/bits/gthr-default.h:103:1: error: ‘pthread_setspecific’ was not declared in this scope
 __gthrw(pthread_setspecific)
 ^~~~~~~
/usr/include/c++/8/x86_64-redhat-linux/bits/gthr-default.h:103:1: note: suggested alternative: ‘pthread_mutex_t’
/usr/include/c++/8/x86_64-redhat-linux/bits/gthr-default.h:105:1: error: ‘pthread_create’ was not declared in this scope
 __gthrw(pthread_create)
 ^~~~~~~
/usr/include/c++/8/x86_64-redhat-linux/bits/gthr-default.h:105:1: note: suggested alternative: ‘pthread_once_t’
/usr/include/c++/8/x86_64-redhat-linux/bits/gthr-default.h:106:1: error: ‘pthread_join’ was not declared in this scope
 __gthrw(pthread_join)
 ^~~~~~~
/usr/include/c++/8/x86_64-redhat-linux/bits/gthr-default.h:106:1: note: suggested alternative: ‘pthread_t’
/usr/include/c++/8/x86_64-redhat-linux/bits/gthr-default.h:107:1: error: ‘pthread_equal’ was not declared in this scope
 __gthrw(pthread_equal)
 ^~~~~~~
/usr/include/c++/8/x86_64-redhat-linux/bits/gthr-default.h:107:1: note: suggested alternative: ‘thread_local’
/usr/include/c++/8/x86_64-redhat-linux/bits/gthr-default.h:108:1: error: ‘pthread_self’ was not declared in this scope
 __gthrw(pthread_self)
 ^~~~~~~
/usr/include/c++/8/x86_64-redhat-linux/bits/gthr-default.h:108:1: note: suggested alternative: ‘pthread_key_t’
/usr/include/c++/8/x86_64-redhat-linux/bits/gthr-default.h:109:1: error: ‘pthread_detach’ was not declared in this scope
 __gthrw(pthread_detach)
 ^~~~~~~
/usr/include/c++/8/x86_64-redhat-linux/bits/gthr-default.h:109:1: note: suggested alternative: ‘pthread_key_t’
/usr/include/c++/8/x86_64-redhat-linux/bits/gthr-default.h:111:1: error: ‘pthread_cancel’ was not declared in this scope
 __gthrw(pthread_cancel)
 ^~~~~~~
/usr/include/c++/8/x86_64-redhat-linux/bits/gthr-default.h:111:1: note: suggested alternative: ‘pthread_once_t’
/usr/include/c++/8/x86_64-redhat-linux/bits/gthr-default.h:113:1: error: ‘sched_yield’ was not declared in this scope
 __gthrw(sched_yield)
 ^~~~~~~
/usr/include/c++/8/x86_64-redhat-linux/bits/gthr-default.h:113:1: note: suggested alternative: ‘sched_param’
/usr/include/c++/8/x86_64-redhat-linux/bits/gthr-default.h:115:1: error: ‘pthread_mutex_lock’ was not declared in this scope
 __gthrw(pthread_mutex_lock)
 ^~~~~~~
/usr/include/c++/8/x86_64-redhat-linux/bits/gthr-default.h:115:1: note: suggested alternative: ‘pthread_mutex_t’
/usr/include/c++/8/x86_64-redhat-linux/bits/gthr-default.h:116:1: error: ‘pthread_mutex_trylock’ was not declared in this scope
 __gthrw(pthread_mutex_trylock)
 ^~~~~~~
/usr/include/c++/8/x86_64-redhat-linux/bits/gthr-default.h:116:1: note: suggested alternative: ‘pthread_mutex_t’
/usr/include/c++/8/x86_64-redhat-linux/bits/gthr-default.h:118:1: error: ‘pthread_mutex_timedlock’ was not declared in this scope
 __gthrw(pthread_mutex_timedlock)
 ^~~~~~~
/usr/include/c++/8/x86_64-redhat-linux/bits/gthr-default.h:118:1: note: suggested alternative: ‘pthread_mutex_t’
/usr/include/c++/8/x86_64-redhat-linux/bits/gthr-default.h:120:1: error: ‘pthread_mutex_unlock’ was not declared in this scope
 __gthrw(pthread_mutex_unlock)
 ^~~~~~~
/usr/include/c++/8/x86_64-redhat-linux/bits/gthr-default.h:120:1: note: suggested alternative: ‘pthread_mutex_t’
/usr/include/c++/8/x86_64-redhat-linux/bits/gthr-default.h:121:1: error: ‘pthread_mutex_init’ was not declared in this scope
 __gthrw(pthread_mutex_init)
 ^~~~~~~
/usr/include/c++/8/x86_64-redhat-linux/bits/gthr-default.h:121:1: note: suggested alternative: ‘pthread_mutex_t’
/usr/include/c++/8/x86_64-redhat-linux/bits/gthr-default.h:122:1: error: ‘pthread_mutex_destroy’ was not declared in this scope
 __gthrw(pthread_mutex_destroy)
 ^~~~~~~
/usr/include/c++/8/x86_64-redhat-linux/bits/gthr-default.h:122:1: note: suggested alternative: ‘pthread_mutexattr_t’
/usr/include/c++/8/x86_64-redhat-linux/bits/gthr-default.h:124:1: error: ‘pthread_cond_init’ was not declared in this scope
 __gthrw(pthread_cond_init)
 ^~~~~~~
/usr/include/c++/8/x86_64-redhat-linux/bits/gthr-default.h:124:1: note: suggested alternative: ‘pthread_cond_t’
/usr/include/c++/8/x86_64-redhat-linux/bits/gthr-default.h:125:1: error: ‘pthread_cond_broadcast’ was not declared in this scope
 __gthrw(pthread_cond_broadcast)
 ^~~~~~~
/usr/include/c++/8/x86_64-redhat-linux/bits/gthr-default.h:125:1: note: suggested alternative: ‘pthread_condattr_t’
/usr/include/c++/8/x86_64-redhat-linux/bits/gthr-default.h:126:1: error: ‘pthread_cond_signal’ was not declared in this scope
 __gthrw(pthread_cond_signal)
 ^~~~~~~
/usr/include/c++/8/x86_64-redhat-linux/bits/gthr-default.h:126:1: note: suggested alternative: ‘pthread_cond_t’
/usr/include/c++/8/x86_64-redhat-linux/bits/gthr-default.h:127:1: error: ‘pthread_cond_wait’ was not declared in this scope
 __gthrw(pthread_cond_wait)
 ^~~~~~~
/usr/include/c++/8/x86_64-redhat-linux/bits/gthr-default.h:127:1: note: suggested alternative: ‘pthread_cond_t’
/usr/include/c++/8/x86_64-redhat-linux/bits/gthr-default.h:128:1: error: ‘pthread_cond_timedwait’ was not declared in this scope
 __gthrw(pthread_cond_timedwait)
 ^~~~~~~
/usr/include/c++/8/x86_64-redhat-linux/bits/gthr-default.h:128:1: note: suggested alternative: ‘pthread_condattr_t’
/usr/include/c++/8/x86_64-redhat-linux/bits/gthr-default.h:129:1: error: ‘pthread_cond_destroy’ was not declared in this scope
 __gthrw(pthread_cond_destroy)
 ^~~~~~~
/usr/include/c++/8/x86_64-redhat-linux/bits/gthr-default.h:129:1: note: suggested alternative: ‘pthread_condattr_t’
/usr/include/c++/8/x86_64-redhat-linux/bits/gthr-default.h:131:1: error: ‘pthread_key_create’ was not declared in this scope
 __gthrw(pthread_key_create)
 ^~~~~~~
/usr/include/c++/8/x86_64-redhat-linux/bits/gthr-default.h:131:1: note: suggested alternative: ‘pthread_key_t’
/usr/include/c++/8/x86_64-redhat-linux/bits/gthr-default.h:132:1: error: ‘pthread_key_delete’ was not declared in this scope
 __gthrw(pthread_key_delete)
 ^~~~~~~
/usr/include/c++/8/x86_64-redhat-linux/bits/gthr-default.h:132:1: note: suggested alternative: ‘pthread_key_t’
/usr/include/c++/8/x86_64-redhat-linux/bits/gthr-default.h:133:1: error: ‘pthread_mutexattr_init’ was not declared in this scope
 __gthrw(pthread_mutexattr_init)
 ^~~~~~~
/usr/include/c++/8/x86_64-redhat-linux/bits/gthr-default.h:133:1: note: suggested alternative: ‘pthread_mutexattr_t’
/usr/include/c++/8/x86_64-redhat-linux/bits/gthr-default.h:134:1: error: ‘pthread_mutexattr_settype’ was not declared in this scope
 __gthrw(pthread_mutexattr_settype)
 ^~~~~~~
/usr/include/c++/8/x86_64-redhat-linux/bits/gthr-default.h:134:1: note: suggested alternative: ‘pthread_mutexattr_t’
/usr/include/c++/8/x86_64-redhat-linux/bits/gthr-default.h:135:1: error: ‘pthread_mutexattr_destroy’ was not declared in this scope
 __gthrw(pthread_mutexattr_destroy)
 ^~~~~~~
/usr/include/c++/8/x86_64-redhat-linux/bits/gthr-default.h:135:1: note: suggested alternative: ‘pthread_mutexattr_t’
/usr/include/c++/8/x86_64-redhat-linux/bits/gthr-default.h:236:1: error: ‘pthread_key_create’ was not declared in this scope
 __gthrw2(__gthrw_(__pthread_key_create),
 ^~~~~~~~
/usr/include/c++/8/x86_64-redhat-linux/bits/gthr-default.h:236:1: note: suggested alternative: ‘pthread_key_t’
/usr/include/c++/8/x86_64-redhat-linux/bits/gthr-default.h: In function ‘int __gthread_create(__gthread_t*, void* (*)(void*), void*)’:
/usr/include/c++/8/x86_64-redhat-linux/bits/gthr-default.h:662:68: error: ‘__gthrw_pthread_create’ cannot be used as a function
   return __gthrw_(pthread_create) (__threadid, NULL, __func, __args);
                                                                    ^
/usr/include/c++/8/x86_64-redhat-linux/bits/gthr-default.h: In function ‘int __gthread_join(__gthread_t, void**)’:
/usr/include/c++/8/x86_64-redhat-linux/bits/gthr-default.h:668:57: error: ‘__gthrw_pthread_join’ cannot be used as a function
   return __gthrw_(pthread_join) (__threadid, __value_ptr);
                                                         ^
/usr/include/c++/8/x86_64-redhat-linux/bits/gthr-default.h: In function ‘int __gthread_detach(__gthread_t)’:
/usr/include/c++/8/x86_64-redhat-linux/bits/gthr-default.h:674:46: error: ‘__gthrw_pthread_detach’ cannot be used as a function
   return __gthrw_(pthread_detach) (__threadid);
                                              ^
/usr/include/c++/8/x86_64-redhat-linux/bits/gthr-default.h: In function ‘int __gthread_equal(__gthread_t, __gthread_t)’:
/usr/include/c++/8/x86_64-redhat-linux/bits/gthr-default.h:680:45: error: ‘__gthrw_pthread_equal’ cannot be used as a function
   return __gthrw_(pthread_equal) (__t1, __t2);
                                             ^
/usr/include/c++/8/x86_64-redhat-linux/bits/gthr-default.h: In function ‘__gthread_t __gthread_self()’:
/usr/include/c++/8/x86_64-redhat-linux/bits/gthr-default.h:686:34: error: ‘__gthrw_pthread_self’ cannot be used as a function
   return __gthrw_(pthread_self) ();
                                  ^
/usr/include/c++/8/x86_64-redhat-linux/bits/gthr-default.h: In function ‘int __gthread_yield()’:
/usr/include/c++/8/x86_64-redhat-linux/bits/gthr-default.h:692:33: error: ‘__gthrw_sched_yield’ cannot be used as a function
   return __gthrw_(sched_yield) ();
                                 ^
/usr/include/c++/8/x86_64-redhat-linux/bits/gthr-default.h: In function ‘int __gthread_once(__gthread_once_t*, void (*)())’:
/usr/include/c++/8/x86_64-redhat-linux/bits/gthr-default.h:699:50: error: ‘__gthrw_pthread_once’ cannot be used as a function
     return __gthrw_(pthread_once) (__once, __func);
                                                  ^
/usr/include/c++/8/x86_64-redhat-linux/bits/gthr-default.h: In function ‘int __gthread_key_create(__gthread_key_t*, void (*)(void*))’:
/usr/include/c++/8/x86_64-redhat-linux/bits/gthr-default.h:707:53: error: ‘__gthrw_pthread_key_create’ cannot be used as a function
   return __gthrw_(pthread_key_create) (__key, __dtor);
                                                     ^
/usr/include/c++/8/x86_64-redhat-linux/bits/gthr-default.h: In function ‘int __gthread_key_delete(__gthread_key_t)’:
/usr/include/c++/8/x86_64-redhat-linux/bits/gthr-default.h:713:45: error: ‘__gthrw_pthread_key_delete’ cannot be used as a function
   return __gthrw_(pthread_key_delete) (__key);
                                             ^
/usr/include/c++/8/x86_64-redhat-linux/bits/gthr-default.h: In function ‘void* __gthread_getspecific(__gthread_key_t)’:
/usr/include/c++/8/x86_64-redhat-linux/bits/gthr-default.h:719:46: error: ‘__gthrw_pthread_getspecific’ cannot be used as a function
   return __gthrw_(pthread_getspecific) (__key);
                                              ^
/usr/include/c++/8/x86_64-redhat-linux/bits/gthr-default.h: In function ‘int __gthread_setspecific(__gthread_key_t, const void*)’:
/usr/include/c++/8/x86_64-redhat-linux/bits/gthr-default.h:725:53: error: ‘__gthrw_pthread_setspecific’ cannot be used as a function
   return __gthrw_(pthread_setspecific) (__key, __ptr);
                                                     ^
/usr/include/c++/8/x86_64-redhat-linux/bits/gthr-default.h: In function ‘void __gthread_mutex_init_function(__gthread_mutex_t*)’:
/usr/include/c++/8/x86_64-redhat-linux/bits/gthr-default.h:732:48: error: ‘__gthrw_pthread_mutex_init’ cannot be used as a function
     __gthrw_(pthread_mutex_init) (__mutex, NULL);
                                                ^
/usr/include/c++/8/x86_64-redhat-linux/bits/gthr-default.h: In function ‘int __gthread_mutex_destroy(__gthread_mutex_t*)’:
/usr/include/c++/8/x86_64-redhat-linux/bits/gthr-default.h:739:52: error: ‘__gthrw_pthread_mutex_destroy’ cannot be used as a function
     return __gthrw_(pthread_mutex_destroy) (__mutex);
                                                    ^
/usr/include/c++/8/x86_64-redhat-linux/bits/gthr-default.h: In function ‘int __gthread_mutex_lock(__gthread_mutex_t*)’:
/usr/include/c++/8/x86_64-redhat-linux/bits/gthr-default.h:748:49: error: ‘__gthrw_pthread_mutex_lock’ cannot be used as a function
     return __gthrw_(pthread_mutex_lock) (__mutex);
                                                 ^
/usr/include/c++/8/x86_64-redhat-linux/bits/gthr-default.h: In function ‘int __gthread_mutex_trylock(__gthread_mutex_t*)’:
/usr/include/c++/8/x86_64-redhat-linux/bits/gthr-default.h:757:52: error: ‘__gthrw_pthread_mutex_trylock’ cannot be used as a function
     return __gthrw_(pthread_mutex_trylock) (__mutex);
                                                    ^
/usr/include/c++/8/x86_64-redhat-linux/bits/gthr-default.h: In function ‘int __gthread_mutex_timedlock(__gthread_mutex_t*, const __gthread_time_t*)’:
/usr/include/c++/8/x86_64-redhat-linux/bits/gthr-default.h:768:69: error: ‘__gthrw_pthread_mutex_timedlock’ cannot be used as a function
     return __gthrw_(pthread_mutex_timedlock) (__mutex, __abs_timeout);
                                                                     ^
/usr/include/c++/8/x86_64-redhat-linux/bits/gthr-default.h: In function ‘int __gthread_mutex_unlock(__gthread_mutex_t*)’:
/usr/include/c++/8/x86_64-redhat-linux/bits/gthr-default.h:778:51: error: ‘__gthrw_pthread_mutex_unlock’ cannot be used as a function
     return __gthrw_(pthread_mutex_unlock) (__mutex);
                                                   ^
/usr/include/c++/8/x86_64-redhat-linux/bits/gthr-default.h: In function ‘int __gthread_recursive_mutex_init_function(__gthread_recursive_mutex_t*)’:
/usr/include/c++/8/x86_64-redhat-linux/bits/gthr-default.h:793:54: error: ‘__gthrw_pthread_mutexattr_init’ cannot be used as a function
       __r = __gthrw_(pthread_mutexattr_init) (&__attr);
                                                      ^
/usr/include/c++/8/x86_64-redhat-linux/bits/gthr-default.h:796:10: error: ‘PTHREAD_MUTEX_RECURSIVE’ was not declared in this scope
          PTHREAD_MUTEX_RECURSIVE);
          ^~~~~~~~~~~~~~~~~~~~~~~
/usr/include/c++/8/x86_64-redhat-linux/bits/gthr-default.h:796:33: error: ‘__gthrw_pthread_mutexattr_settype’ cannot be used as a function
          PTHREAD_MUTEX_RECURSIVE);
                                 ^
/usr/include/c++/8/x86_64-redhat-linux/bits/gthr-default.h:798:54: error: ‘__gthrw_pthread_mutex_init’ cannot be used as a function
  __r = __gthrw_(pthread_mutex_init) (__mutex, &__attr);
                                                      ^
/usr/include/c++/8/x86_64-redhat-linux/bits/gthr-default.h:800:52: error: ‘__gthrw_pthread_mutexattr_destroy’ cannot be used as a function
  __r = __gthrw_(pthread_mutexattr_destroy) (&__attr);
                                                    ^
/usr/include/c++/8/x86_64-redhat-linux/bits/gthr-default.h: In function ‘int __gthread_cond_broadcast(__gthread_cond_t*)’:
/usr/include/c++/8/x86_64-redhat-linux/bits/gthr-default.h:852:50: error: ‘__gthrw_pthread_cond_broadcast’ cannot be used as a function
   return __gthrw_(pthread_cond_broadcast) (__cond);
                                                  ^
/usr/include/c++/8/x86_64-redhat-linux/bits/gthr-default.h: In function ‘int __gthread_cond_signal(__gthread_cond_t*)’:
/usr/include/c++/8/x86_64-redhat-linux/bits/gthr-default.h:858:47: error: ‘__gthrw_pthread_cond_signal’ cannot be used as a function
   return __gthrw_(pthread_cond_signal) (__cond);
                                               ^
/usr/include/c++/8/x86_64-redhat-linux/bits/gthr-default.h: In function ‘int __gthread_cond_wait(__gthread_cond_t*, __gthread_mutex_t*)’:
/usr/include/c++/8/x86_64-redhat-linux/bits/gthr-default.h:864:54: error: ‘__gthrw_pthread_cond_wait’ cannot be used as a function
   return __gthrw_(pthread_cond_wait) (__cond, __mutex);
                                                      ^
/usr/include/c++/8/x86_64-redhat-linux/bits/gthr-default.h: In function ‘int __gthread_cond_timedwait(__gthread_cond_t*, __gthread_mutex_t*, const __gthread_time_t*)’:
/usr/include/c++/8/x86_64-redhat-linux/bits/gthr-default.h:871:74: error: ‘__gthrw_pthread_cond_timedwait’ cannot be used as a function
   return __gthrw_(pthread_cond_timedwait) (__cond, __mutex, __abs_timeout);
                                                                          ^
/usr/include/c++/8/x86_64-redhat-linux/bits/gthr-default.h: In function ‘int __gthread_cond_destroy(__gthread_cond_t*)’:
/usr/include/c++/8/x86_64-redhat-linux/bits/gthr-default.h:884:48: error: ‘__gthrw_pthread_cond_destroy’ cannot be used as a function
   return __gthrw_(pthread_cond_destroy) (__cond);
                                                ^
/usr/include/c++/8/ext/concurrence.h: At global scope:
/usr/include/c++/8/ext/concurrence.h:122:34: error: ‘PTHREAD_MUTEX_INITIALIZER’ was not declared in this scope
     __gthread_mutex_t _M_mutex = __GTHREAD_MUTEX_INIT;
                                  ^~~~~~~~~~~~~~~~~~~~
/usr/include/c++/8/ext/concurrence.h:122:34: note: suggested alternative: ‘PTHREAD_EXPLICIT_SCHED’
/usr/include/c++/8/ext/concurrence.h:255:32: error: ‘PTHREAD_COND_INITIALIZER’ was not declared in this scope
     __gthread_cond_t _M_cond = __GTHREAD_COND_INIT;
                                ^~~~~~~~~~~~~~~~~~~
/usr/include/c++/8/ext/concurrence.h:255:32: note: suggested alternative: ‘PTHREAD_SCOPE_SYSTEM’
make[2]: *** [Vtop.mk:60: verilator.o] Error 1
make[2]: Leaving directory '/home/grads/v/vbchaitanya2k2/vbchaitanya-ecen-689/project_test/difuzz-rtl-sim/server_runs/rocket-1000-20260401-003549/build-rocket'
make[1]: *** [/home/grads/v/vbchaitanya2k2/vbchaitanya-ecen-689/project_test/difuzz-rtl-sim/.venv/lib/python3.6/site-packages/cocotb/share/makefiles/simulators/Makefile.verilator:54: /home/grads/v/vbchaitanya2k2/vbchaitanya-ecen-689/project_test/difuzz-rtl-sim/server_runs/rocket-1000-20260401-003549/build-rocket/RocketTile] Error 2
make[1]: Leaving directory '/home/grads/v/vbchaitanya2k2/vbchaitanya-ecen-689/project_test/difuzz-rtl-sim/Fuzzer'
make: *** [/home/grads/v/vbchaitanya2k2/vbchaitanya-ecen-689/project_test/difuzz-rtl-sim/.venv/lib64/python3.6/site-packages/cocotb/share/makefiles/Makefile.inc:40: sim] Error 2
real 9.73
user 7.54
sys 0.47
